                                      1 ;--------------------------------------------------------
                                      2 ; File Created by SDCC : free open source ANSI-C Compiler
                                      3 ; Version 4.0.0 #11528 (Linux)
                                      4 ;--------------------------------------------------------
                                      5 	.module stm8s_it
                                      6 	.optsdcc -mstm8
                                      7 	
                                      8 ;--------------------------------------------------------
                                      9 ; Public variables in this module
                                     10 ;--------------------------------------------------------
                                     11 	.globl _TRAP_IRQHandler
                                     12 	.globl _TLI_IRQHandler
                                     13 	.globl _AWU_IRQHandler
                                     14 	.globl _CLK_IRQHandler
                                     15 	.globl _EXTI_PORTA_IRQHandler
                                     16 	.globl _EXTI_PORTB_IRQHandler
                                     17 	.globl _EXTI_PORTC_IRQHandler
                                     18 	.globl _EXTI_PORTD_IRQHandler
                                     19 	.globl _EXTI_PORTE_IRQHandler
                                     20 	.globl _SPI_IRQHandler
                                     21 	.globl _TIM1_UPD_OVF_TRG_BRK_IRQHandler
                                     22 	.globl _TIM1_CAP_COM_IRQHandler
                                     23 	.globl _TIM2_UPD_OVF_BRK_IRQHandler
                                     24 	.globl _TIM2_CAP_COM_IRQHandler
                                     25 	.globl _TIM3_UPD_OVF_BRK_IRQHandler
                                     26 	.globl _TIM3_CAP_COM_IRQHandler
                                     27 	.globl _I2C_IRQHandler
                                     28 	.globl _UART2_TX_IRQHandler
                                     29 	.globl _UART2_RX_IRQHandler
                                     30 	.globl _ADC1_IRQHandler
                                     31 	.globl _TIM4_UPD_OVF_IRQHandler
                                     32 	.globl _EEPROM_EEC_IRQHandler
                                     33 ;--------------------------------------------------------
                                     34 ; ram data
                                     35 ;--------------------------------------------------------
                                     36 	.area DATA
                                     37 ;--------------------------------------------------------
                                     38 ; ram data
                                     39 ;--------------------------------------------------------
                                     40 	.area INITIALIZED
                                     41 ;--------------------------------------------------------
                                     42 ; absolute external ram data
                                     43 ;--------------------------------------------------------
                                     44 	.area DABS (ABS)
                                     45 
                                     46 ; default segment ordering for linker
                                     47 	.area HOME
                                     48 	.area GSINIT
                                     49 	.area GSFINAL
                                     50 	.area CONST
                                     51 	.area INITIALIZER
                                     52 	.area CODE
                                     53 
                                     54 ;--------------------------------------------------------
                                     55 ; global & static initialisations
                                     56 ;--------------------------------------------------------
                                     57 	.area HOME
                                     58 	.area GSINIT
                                     59 	.area GSFINAL
                                     60 	.area GSINIT
                                     61 ;--------------------------------------------------------
                                     62 ; Home
                                     63 ;--------------------------------------------------------
                                     64 	.area HOME
                                     65 	.area HOME
                                     66 ;--------------------------------------------------------
                                     67 ; code
                                     68 ;--------------------------------------------------------
                                     69 	.area CODE
                                     70 ;	./src/stm8s_it.c: 62: INTERRUPT_HANDLER_TRAP(TRAP_IRQHandler)
                                     71 ;	-----------------------------------------
                                     72 ;	 function TRAP_IRQHandler
                                     73 ;	-----------------------------------------
      000000                         74 _TRAP_IRQHandler:
                                     75 ;	./src/stm8s_it.c: 67: }
      000000 80               [11]   76 	iret
                                     77 ;	./src/stm8s_it.c: 73: INTERRUPT_HANDLER(TLI_IRQHandler, 0)
                                     78 ;	-----------------------------------------
                                     79 ;	 function TLI_IRQHandler
                                     80 ;	-----------------------------------------
      000001                         81 _TLI_IRQHandler:
                                     82 ;	./src/stm8s_it.c: 78: }
      000001 80               [11]   83 	iret
                                     84 ;	./src/stm8s_it.c: 85: INTERRUPT_HANDLER(AWU_IRQHandler, 1)
                                     85 ;	-----------------------------------------
                                     86 ;	 function AWU_IRQHandler
                                     87 ;	-----------------------------------------
      000002                         88 _AWU_IRQHandler:
                                     89 ;	./src/stm8s_it.c: 90: }
      000002 80               [11]   90 	iret
                                     91 ;	./src/stm8s_it.c: 97: INTERRUPT_HANDLER(CLK_IRQHandler, 2)
                                     92 ;	-----------------------------------------
                                     93 ;	 function CLK_IRQHandler
                                     94 ;	-----------------------------------------
      000003                         95 _CLK_IRQHandler:
                                     96 ;	./src/stm8s_it.c: 102: }
      000003 80               [11]   97 	iret
                                     98 ;	./src/stm8s_it.c: 109: INTERRUPT_HANDLER(EXTI_PORTA_IRQHandler, 3)
                                     99 ;	-----------------------------------------
                                    100 ;	 function EXTI_PORTA_IRQHandler
                                    101 ;	-----------------------------------------
      000004                        102 _EXTI_PORTA_IRQHandler:
                                    103 ;	./src/stm8s_it.c: 114: }
      000004 80               [11]  104 	iret
                                    105 ;	./src/stm8s_it.c: 121: INTERRUPT_HANDLER(EXTI_PORTB_IRQHandler, 4)
                                    106 ;	-----------------------------------------
                                    107 ;	 function EXTI_PORTB_IRQHandler
                                    108 ;	-----------------------------------------
      000005                        109 _EXTI_PORTB_IRQHandler:
                                    110 ;	./src/stm8s_it.c: 126: }
      000005 80               [11]  111 	iret
                                    112 ;	./src/stm8s_it.c: 133: INTERRUPT_HANDLER(EXTI_PORTC_IRQHandler, 5)
                                    113 ;	-----------------------------------------
                                    114 ;	 function EXTI_PORTC_IRQHandler
                                    115 ;	-----------------------------------------
      000006                        116 _EXTI_PORTC_IRQHandler:
                                    117 ;	./src/stm8s_it.c: 138: }
      000006 80               [11]  118 	iret
                                    119 ;	./src/stm8s_it.c: 145: INTERRUPT_HANDLER(EXTI_PORTD_IRQHandler, 6)
                                    120 ;	-----------------------------------------
                                    121 ;	 function EXTI_PORTD_IRQHandler
                                    122 ;	-----------------------------------------
      000007                        123 _EXTI_PORTD_IRQHandler:
                                    124 ;	./src/stm8s_it.c: 150: }
      000007 80               [11]  125 	iret
                                    126 ;	./src/stm8s_it.c: 157: INTERRUPT_HANDLER(EXTI_PORTE_IRQHandler, 7)
                                    127 ;	-----------------------------------------
                                    128 ;	 function EXTI_PORTE_IRQHandler
                                    129 ;	-----------------------------------------
      000008                        130 _EXTI_PORTE_IRQHandler:
                                    131 ;	./src/stm8s_it.c: 162: }
      000008 80               [11]  132 	iret
                                    133 ;	./src/stm8s_it.c: 208: INTERRUPT_HANDLER(SPI_IRQHandler, 10)
                                    134 ;	-----------------------------------------
                                    135 ;	 function SPI_IRQHandler
                                    136 ;	-----------------------------------------
      000009                        137 _SPI_IRQHandler:
                                    138 ;	./src/stm8s_it.c: 213: }
      000009 80               [11]  139 	iret
                                    140 ;	./src/stm8s_it.c: 220: INTERRUPT_HANDLER(TIM1_UPD_OVF_TRG_BRK_IRQHandler, 11)
                                    141 ;	-----------------------------------------
                                    142 ;	 function TIM1_UPD_OVF_TRG_BRK_IRQHandler
                                    143 ;	-----------------------------------------
      00000A                        144 _TIM1_UPD_OVF_TRG_BRK_IRQHandler:
                                    145 ;	./src/stm8s_it.c: 225: }
      00000A 80               [11]  146 	iret
                                    147 ;	./src/stm8s_it.c: 232: INTERRUPT_HANDLER(TIM1_CAP_COM_IRQHandler, 12)
                                    148 ;	-----------------------------------------
                                    149 ;	 function TIM1_CAP_COM_IRQHandler
                                    150 ;	-----------------------------------------
      00000B                        151 _TIM1_CAP_COM_IRQHandler:
                                    152 ;	./src/stm8s_it.c: 237: }
      00000B 80               [11]  153 	iret
                                    154 ;	./src/stm8s_it.c: 269: INTERRUPT_HANDLER(TIM2_UPD_OVF_BRK_IRQHandler, 13)
                                    155 ;	-----------------------------------------
                                    156 ;	 function TIM2_UPD_OVF_BRK_IRQHandler
                                    157 ;	-----------------------------------------
      00000C                        158 _TIM2_UPD_OVF_BRK_IRQHandler:
                                    159 ;	./src/stm8s_it.c: 274: }
      00000C 80               [11]  160 	iret
                                    161 ;	./src/stm8s_it.c: 281: INTERRUPT_HANDLER(TIM2_CAP_COM_IRQHandler, 14)
                                    162 ;	-----------------------------------------
                                    163 ;	 function TIM2_CAP_COM_IRQHandler
                                    164 ;	-----------------------------------------
      00000D                        165 _TIM2_CAP_COM_IRQHandler:
                                    166 ;	./src/stm8s_it.c: 286: }
      00000D 80               [11]  167 	iret
                                    168 ;	./src/stm8s_it.c: 296: INTERRUPT_HANDLER(TIM3_UPD_OVF_BRK_IRQHandler, 15)
                                    169 ;	-----------------------------------------
                                    170 ;	 function TIM3_UPD_OVF_BRK_IRQHandler
                                    171 ;	-----------------------------------------
      00000E                        172 _TIM3_UPD_OVF_BRK_IRQHandler:
                                    173 ;	./src/stm8s_it.c: 301: }
      00000E 80               [11]  174 	iret
                                    175 ;	./src/stm8s_it.c: 308: INTERRUPT_HANDLER(TIM3_CAP_COM_IRQHandler, 16)
                                    176 ;	-----------------------------------------
                                    177 ;	 function TIM3_CAP_COM_IRQHandler
                                    178 ;	-----------------------------------------
      00000F                        179 _TIM3_CAP_COM_IRQHandler:
                                    180 ;	./src/stm8s_it.c: 313: }
      00000F 80               [11]  181 	iret
                                    182 ;	./src/stm8s_it.c: 348: INTERRUPT_HANDLER(I2C_IRQHandler, 19)
                                    183 ;	-----------------------------------------
                                    184 ;	 function I2C_IRQHandler
                                    185 ;	-----------------------------------------
      000010                        186 _I2C_IRQHandler:
                                    187 ;	./src/stm8s_it.c: 353: }
      000010 80               [11]  188 	iret
                                    189 ;	./src/stm8s_it.c: 361: INTERRUPT_HANDLER(UART2_TX_IRQHandler, 20)
                                    190 ;	-----------------------------------------
                                    191 ;	 function UART2_TX_IRQHandler
                                    192 ;	-----------------------------------------
      000011                        193 _UART2_TX_IRQHandler:
                                    194 ;	./src/stm8s_it.c: 366: }
      000011 80               [11]  195 	iret
                                    196 ;	./src/stm8s_it.c: 373: INTERRUPT_HANDLER(UART2_RX_IRQHandler, 21)
                                    197 ;	-----------------------------------------
                                    198 ;	 function UART2_RX_IRQHandler
                                    199 ;	-----------------------------------------
      000012                        200 _UART2_RX_IRQHandler:
                                    201 ;	./src/stm8s_it.c: 378: }
      000012 80               [11]  202 	iret
                                    203 ;	./src/stm8s_it.c: 428: INTERRUPT_HANDLER(ADC1_IRQHandler, 22)
                                    204 ;	-----------------------------------------
                                    205 ;	 function ADC1_IRQHandler
                                    206 ;	-----------------------------------------
      000013                        207 _ADC1_IRQHandler:
                                    208 ;	./src/stm8s_it.c: 434: return;
                                    209 ;	./src/stm8s_it.c: 436: }
      000013 80               [11]  210 	iret
                                    211 ;	./src/stm8s_it.c: 457: INTERRUPT_HANDLER(TIM4_UPD_OVF_IRQHandler, 23)
                                    212 ;	-----------------------------------------
                                    213 ;	 function TIM4_UPD_OVF_IRQHandler
                                    214 ;	-----------------------------------------
      000014                        215 _TIM4_UPD_OVF_IRQHandler:
                                    216 ;	./src/stm8s_it.c: 462: }
      000014 80               [11]  217 	iret
                                    218 ;	./src/stm8s_it.c: 470: INTERRUPT_HANDLER(EEPROM_EEC_IRQHandler, 24)
                                    219 ;	-----------------------------------------
                                    220 ;	 function EEPROM_EEC_IRQHandler
                                    221 ;	-----------------------------------------
      000015                        222 _EEPROM_EEC_IRQHandler:
                                    223 ;	./src/stm8s_it.c: 475: }
      000015 80               [11]  224 	iret
                                    225 	.area CODE
                                    226 	.area CONST
                                    227 	.area INITIALIZER
                                    228 	.area CABS (ABS)
